<?xml version="1.0" encoding="UTF-8"?>
<!-- Generated by org.testng.reporters.JUnitXMLReporter -->
<testsuite ignored="4" hostname="scopian" failures="1" tests="1" name="Default test" time="11.953" errors="0" timestamp="29 thg 3 2024 18:51:26 GMT">
  <testcase classname="testnextsp.ViewListProduct" name="TC_05_CompareData" time="0.818">
    <failure type="java.lang.ArrayIndexOutOfBoundsException" message="Index 7 out of bounds for length 7">
      <![CDATA[java.lang.ArrayIndexOutOfBoundsException: Index 7 out of bounds for length 7
at testnextsp.ViewListProduct.TC_05_CompareData(ViewListProduct.java:180)
at java.base/jdk.internal.reflect.DirectMethodHandleAccessor.invoke(DirectMethodHandleAccessor.java:104)
at java.base/java.lang.reflect.Method.invoke(Method.java:578)
at org.testng.internal.MethodInvocationHelper.invokeMethod(MethodInvocationHelper.java:124)
at org.testng.internal.Invoker.invokeMethod(Invoker.java:583)
at org.testng.internal.Invoker.invokeTestMethod(Invoker.java:719)
at org.testng.internal.Invoker.invokeTestMethods(Invoker.java:989)
at org.testng.internal.TestMethodWorker.invokeTestMethods(TestMethodWorker.java:125)
at org.testng.internal.TestMethodWorker.run(TestMethodWorker.java:109)
at org.testng.TestRunner.privateRun(TestRunner.java:648)
at org.testng.TestRunner.run(TestRunner.java:505)
at org.testng.SuiteRunner.runTest(SuiteRunner.java:455)
at org.testng.SuiteRunner.runSequentially(SuiteRunner.java:450)
at org.testng.SuiteRunner.privateRun(SuiteRunner.java:415)
at org.testng.SuiteRunner.run(SuiteRunner.java:364)
at org.testng.SuiteRunnerWorker.runSuite(SuiteRunnerWorker.java:52)
at org.testng.SuiteRunnerWorker.run(SuiteRunnerWorker.java:84)
at org.testng.TestNG.runSuitesSequentially(TestNG.java:1208)
at org.testng.TestNG.runSuitesLocally(TestNG.java:1137)
at org.testng.TestNG.runSuites(TestNG.java:1049)
at org.testng.TestNG.run(TestNG.java:1017)
at org.testng.remote.AbstractRemoteTestNG.run(AbstractRemoteTestNG.java:115)
at org.testng.remote.RemoteTestNG.initAndRun(RemoteTestNG.java:251)
at org.testng.remote.RemoteTestNG.main(RemoteTestNG.java:77)
]]>
    </failure>
  </testcase> <!-- TC_05_CompareData -->
  <testcase classname="testnextsp.ViewListProduct" name="TC_02_CheckFieldNames" time="0.0">
    <ignored/>
  </testcase> <!-- TC_02_CheckFieldNames -->
  <testcase classname="testnextsp.ViewListProduct" name="TC_01_TextOnSideBar" time="0.0">
    <ignored/>
  </testcase> <!-- TC_01_TextOnSideBar -->
  <testcase classname="testnextsp.ViewListProduct" name="TC_04_TextInForm" time="0.0">
    <ignored/>
  </testcase> <!-- TC_04_TextInForm -->
  <testcase classname="testnextsp.ViewListProduct" name="TC_03_TextOnButtons" time="0.0">
    <ignored/>
  </testcase> <!-- TC_03_TextOnButtons -->
</testsuite> <!-- Default test -->
