<?xml version="1.0" encoding="UTF-8"?>
<testng-results ignored="4" total="5" passed="0" failed="1" skipped="0">
  <reporter-output>
  </reporter-output>
  <suite started-at="2024-03-29T18:51:14Z" name="Default suite" finished-at="2024-03-29T18:51:26Z" duration-ms="11953">
    <groups>
    </groups>
    <test started-at="2024-03-29T18:51:14Z" name="Default test" finished-at="2024-03-29T18:51:26Z" duration-ms="11953">
      <class name="testnextsp.ViewListProduct">
        <test-method is-config="true" signature="beforeClass()[pri:0, instance:testnextsp.ViewListProduct@1e1a0406]" started-at="2024-03-29T18:51:14Z" name="beforeClass" finished-at="2024-03-29T18:51:25Z" duration-ms="11004" status="PASS">
          <reporter-output>
          </reporter-output>
        </test-method> <!-- beforeClass -->
        <test-method signature="TC_05_CompareData()[pri:0, instance:testnextsp.ViewListProduct@1e1a0406]" started-at="2024-03-29T18:51:25Z" name="TC_05_CompareData" finished-at="2024-03-29T18:51:26Z" duration-ms="818" status="FAIL">
          <exception class="java.lang.ArrayIndexOutOfBoundsException">
            <message>
              <![CDATA[Index 7 out of bounds for length 7]]>
            </message>
            <full-stacktrace>
              <![CDATA[java.lang.ArrayIndexOutOfBoundsException: Index 7 out of bounds for length 7
at testnextsp.ViewListProduct.TC_05_CompareData(ViewListProduct.java:180)
at java.base/jdk.internal.reflect.DirectMethodHandleAccessor.invoke(DirectMethodHandleAccessor.java:104)
at java.base/java.lang.reflect.Method.invoke(Method.java:578)
at org.testng.internal.MethodInvocationHelper.invokeMethod(MethodInvocationHelper.java:124)
at org.testng.internal.Invoker.invokeMethod(Invoker.java:583)
at org.testng.internal.Invoker.invokeTestMethod(Invoker.java:719)
at org.testng.internal.Invoker.invokeTestMethods(Invoker.java:989)
at org.testng.internal.TestMethodWorker.invokeTestMethods(TestMethodWorker.java:125)
at org.testng.internal.TestMethodWorker.run(TestMethodWorker.java:109)
at org.testng.TestRunner.privateRun(TestRunner.java:648)
at org.testng.TestRunner.run(TestRunner.java:505)
at org.testng.SuiteRunner.runTest(SuiteRunner.java:455)
at org.testng.SuiteRunner.runSequentially(SuiteRunner.java:450)
at org.testng.SuiteRunner.privateRun(SuiteRunner.java:415)
at org.testng.SuiteRunner.run(SuiteRunner.java:364)
at org.testng.SuiteRunnerWorker.runSuite(SuiteRunnerWorker.java:52)
at org.testng.SuiteRunnerWorker.run(SuiteRunnerWorker.java:84)
at org.testng.TestNG.runSuitesSequentially(TestNG.java:1208)
at org.testng.TestNG.runSuitesLocally(TestNG.java:1137)
at org.testng.TestNG.runSuites(TestNG.java:1049)
at org.testng.TestNG.run(TestNG.java:1017)
at org.testng.remote.AbstractRemoteTestNG.run(AbstractRemoteTestNG.java:115)
at org.testng.remote.RemoteTestNG.initAndRun(RemoteTestNG.java:251)
at org.testng.remote.RemoteTestNG.main(RemoteTestNG.java:77)
]]>
            </full-stacktrace>
          </exception> <!-- java.lang.ArrayIndexOutOfBoundsException -->
          <reporter-output>
          </reporter-output>
        </test-method> <!-- TC_05_CompareData -->
        <test-method is-config="true" signature="afterClass()[pri:0, instance:testnextsp.ViewListProduct@1e1a0406]" started-at="2024-03-29T18:51:26Z" name="afterClass" finished-at="2024-03-29T18:51:26Z" duration-ms="116" status="PASS">
          <reporter-output>
          </reporter-output>
        </test-method> <!-- afterClass -->
      </class> <!-- testnextsp.ViewListProduct -->
    </test> <!-- Default test -->
  </suite> <!-- Default suite -->
</testng-results>
